<?xml version="1.0" encoding="UTF-8"?>
<!-- Generated by org.testng.reporters.JUnitReportReporter -->
<testsuite skipped="0" hostname="NarenderSharma" name="tests.GoogleHomePageTest" tests="3" failures="0" timestamp="05 May 2019 08:23:05 GMT" time="98.539" errors="0">
  <testcase name="run1" time="73.492" classname="tests.GoogleHomePageTest"/>
  <testcase name="run1" time="12.056" classname="tests.GoogleHomePageTest"/>
  <testcase name="run1" time="12.991" classname="tests.GoogleHomePageTest"/>
</testsuite> <!-- tests.GoogleHomePageTest -->
