<?xml version="1.0" encoding="UTF-8"?>
<!-- Generated by org.testng.reporters.JUnitReportReporter -->
<testsuite skipped="0" hostname="NarenderSharma" name="tests.GoogleHomePageTest1" tests="3" failures="0" timestamp="05 May 2019 09:13:00 GMT" time="230.931" errors="0">
  <testcase name="run1" time="36.923" classname="tests.GoogleHomePageTest1"/>
  <testcase name="run1" time="62.489" classname="tests.GoogleHomePageTest1"/>
  <testcase name="run1" time="131.519" classname="tests.GoogleHomePageTest1"/>
</testsuite> <!-- tests.GoogleHomePageTest1 -->
