<?xml version="1.0" encoding="UTF-8"?>
<!-- Generated by org.testng.reporters.JUnitReportReporter -->
<testsuite skipped="0" hostname="NarenderSharma" name="tests.GoogleHomePageTest2" tests="3" failures="0" timestamp="05 May 2019 08:23:05 GMT" time="100.035" errors="0">
  <testcase name="run1" time="60.061" classname="tests.GoogleHomePageTest2"/>
  <testcase name="run1" time="25.422" classname="tests.GoogleHomePageTest2"/>
  <testcase name="run1" time="14.552" classname="tests.GoogleHomePageTest2"/>
</testsuite> <!-- tests.GoogleHomePageTest2 -->
