<?xml version="1.0" encoding="UTF-8"?>
<!-- Generated by org.testng.reporters.JUnitReportReporter -->
<testsuite skipped="0" hostname="NarenderSharma" name="tests.GoogleHomePageTest1" tests="3" failures="0" timestamp="05 May 2019 08:23:05 GMT" time="97.885" errors="0">
  <testcase name="run1" time="14.679" classname="tests.GoogleHomePageTest1"/>
  <testcase name="run1" time="70.273" classname="tests.GoogleHomePageTest1"/>
  <testcase name="run1" time="12.933" classname="tests.GoogleHomePageTest1"/>
</testsuite> <!-- tests.GoogleHomePageTest1 -->
