<?xml version="1.0" encoding="UTF-8"?>
<!-- Generated by org.testng.reporters.JUnitReportReporter -->
<testsuite skipped="0" hostname="NarenderSharma" name="tests.GoogleHomePageTest" tests="3" failures="0" timestamp="05 May 2019 09:13:00 GMT" time="232.523" errors="0">
  <testcase name="run1" time="182.116" classname="tests.GoogleHomePageTest"/>
  <testcase name="run1" time="19.343" classname="tests.GoogleHomePageTest"/>
  <testcase name="run1" time="31.064" classname="tests.GoogleHomePageTest"/>
</testsuite> <!-- tests.GoogleHomePageTest -->
