<?xml version="1.0" encoding="UTF-8"?>
<!-- Generated by org.testng.reporters.JUnitReportReporter -->
<testsuite skipped="0" hostname="NarenderSharma" name="tests.GoogleHomePageTest2" tests="3" failures="0" timestamp="05 May 2019 09:13:00 GMT" time="229.944" errors="0">
  <testcase name="run1" time="149.939" classname="tests.GoogleHomePageTest2"/>
  <testcase name="run1" time="18.569" classname="tests.GoogleHomePageTest2"/>
  <testcase name="run1" time="61.436" classname="tests.GoogleHomePageTest2"/>
</testsuite> <!-- tests.GoogleHomePageTest2 -->
